<?xml version="1.0" encoding="UTF-8"?>
<testsuite name="systems.medici.board.web.IndexControllerTest" tests="1" skipped="0" failures="0" errors="0" timestamp="2022-05-09T08:11:20" hostname="jucheolhyeons-MacBook-Pro.local" time="0.452">
  <properties/>
  <testcase name="메인페이지_로딩()" classname="systems.medici.board.web.IndexControllerTest" time="0.452"/>
  <system-out><![CDATA[17:11:14.918 [Test worker] DEBUG org.springframework.test.context.BootstrapUtils - Instantiating CacheAwareContextLoaderDelegate from class [org.springframework.test.context.cache.DefaultCacheAwareContextLoaderDelegate]
17:11:14.933 [Test worker] DEBUG org.springframework.test.context.BootstrapUtils - Instantiating BootstrapContext using constructor [public org.springframework.test.context.support.DefaultBootstrapContext(java.lang.Class,org.springframework.test.context.CacheAwareContextLoaderDelegate)]
17:11:14.980 [Test worker] DEBUG org.springframework.test.context.BootstrapUtils - Instantiating TestContextBootstrapper for test class [systems.medici.board.web.IndexControllerTest] from class [org.springframework.boot.test.context.SpringBootTestContextBootstrapper]
17:11:14.991 [Test worker] INFO org.springframework.boot.test.context.SpringBootTestContextBootstrapper - Neither @ContextConfiguration nor @ContextHierarchy found for test class [systems.medici.board.web.IndexControllerTest], using SpringBootContextLoader
17:11:14.996 [Test worker] DEBUG org.springframework.test.context.support.AbstractContextLoader - Did not detect default resource location for test class [systems.medici.board.web.IndexControllerTest]: class path resource [systems/medici/board/web/IndexControllerTest-context.xml] does not exist
17:11:14.996 [Test worker] DEBUG org.springframework.test.context.support.AbstractContextLoader - Did not detect default resource location for test class [systems.medici.board.web.IndexControllerTest]: class path resource [systems/medici/board/web/IndexControllerTestContext.groovy] does not exist
17:11:14.997 [Test worker] INFO org.springframework.test.context.support.AbstractContextLoader - Could not detect default resource locations for test class [systems.medici.board.web.IndexControllerTest]: no resource found for suffixes {-context.xml, Context.groovy}.
17:11:14.998 [Test worker] INFO org.springframework.test.context.support.AnnotationConfigContextLoaderUtils - Could not detect default configuration classes for test class [systems.medici.board.web.IndexControllerTest]: IndexControllerTest does not declare any static, non-private, non-final, nested classes annotated with @Configuration.
17:11:15.049 [Test worker] DEBUG org.springframework.test.context.support.ActiveProfilesUtils - Could not find an 'annotation declaring class' for annotation type [org.springframework.test.context.ActiveProfiles] and class [systems.medici.board.web.IndexControllerTest]
17:11:15.151 [Test worker] DEBUG org.springframework.context.annotation.ClassPathScanningCandidateComponentProvider - Identified candidate component class: file [/Users/jooch/IdeaProjects/board/build/classes/java/main/systems/medici/board/Application.class]
17:11:15.153 [Test worker] INFO org.springframework.boot.test.context.SpringBootTestContextBootstrapper - Found @SpringBootConfiguration systems.medici.board.Application for test class systems.medici.board.web.IndexControllerTest
17:11:15.276 [Test worker] DEBUG org.springframework.boot.test.context.SpringBootTestContextBootstrapper - @TestExecutionListeners is not present for class [systems.medici.board.web.IndexControllerTest]: using defaults.
17:11:15.277 [Test worker] INFO org.springframework.boot.test.context.SpringBootTestContextBootstrapper - Loaded default TestExecutionListener class names from location [META-INF/spring.factories]: [org.springframework.boot.test.autoconfigure.restdocs.RestDocsTestExecutionListener, org.springframework.boot.test.autoconfigure.web.client.MockRestServiceServerResetTestExecutionListener, org.springframework.boot.test.autoconfigure.web.servlet.MockMvcPrintOnlyOnFailureTestExecutionListener, org.springframework.boot.test.autoconfigure.web.servlet.WebDriverTestExecutionListener, org.springframework.boot.test.autoconfigure.webservices.client.MockWebServiceServerTestExecutionListener, org.springframework.boot.test.mock.mockito.MockitoTestExecutionListener, org.springframework.boot.test.mock.mockito.ResetMocksTestExecutionListener, org.springframework.test.context.web.ServletTestExecutionListener, org.springframework.test.context.support.DirtiesContextBeforeModesTestExecutionListener, org.springframework.test.context.support.DependencyInjectionTestExecutionListener, org.springframework.test.context.support.DirtiesContextTestExecutionListener, org.springframework.test.context.transaction.TransactionalTestExecutionListener, org.springframework.test.context.jdbc.SqlScriptsTestExecutionListener, org.springframework.test.context.event.EventPublishingTestExecutionListener]
17:11:15.307 [Test worker] INFO org.springframework.boot.test.context.SpringBootTestContextBootstrapper - Using TestExecutionListeners: [org.springframework.test.context.web.ServletTestExecutionListener@cc62a3b, org.springframework.test.context.support.DirtiesContextBeforeModesTestExecutionListener@6cc0bcf6, org.springframework.boot.test.mock.mockito.MockitoTestExecutionListener@29539e36, org.springframework.boot.test.autoconfigure.SpringBootDependencyInjectionTestExecutionListener@32f61a31, org.springframework.test.context.support.DirtiesContextTestExecutionListener@f5c79a6, org.springframework.test.context.transaction.TransactionalTestExecutionListener@669253b7, org.springframework.test.context.jdbc.SqlScriptsTestExecutionListener@5305c37d, org.springframework.test.context.event.EventPublishingTestExecutionListener@51a06cbe, org.springframework.boot.test.autoconfigure.restdocs.RestDocsTestExecutionListener@3dddbe65, org.springframework.boot.test.autoconfigure.web.client.MockRestServiceServerResetTestExecutionListener@49a64d82, org.springframework.boot.test.autoconfigure.web.servlet.MockMvcPrintOnlyOnFailureTestExecutionListener@344561e0, org.springframework.boot.test.autoconfigure.web.servlet.WebDriverTestExecutionListener@66d23e4a, org.springframework.boot.test.autoconfigure.webservices.client.MockWebServiceServerTestExecutionListener@36ac8a63, org.springframework.boot.test.mock.mockito.ResetMocksTestExecutionListener@4d9d1b69]
17:11:15.313 [Test worker] DEBUG org.springframework.test.context.support.AbstractDirtiesContextTestExecutionListener - Before test class: context [DefaultTestContext@581d969c testClass = IndexControllerTest, testInstance = [null], testMethod = [null], testException = [null], mergedContextConfiguration = [WebMergedContextConfiguration@22db8f4 testClass = IndexControllerTest, locations = '{}', classes = '{class systems.medici.board.Application}', contextInitializerClasses = '[]', activeProfiles = '{}', propertySourceLocations = '{}', propertySourceProperties = '{org.springframework.boot.test.context.SpringBootTestContextBootstrapper=true, server.port=0}', contextCustomizers = set[org.springframework.boot.test.autoconfigure.actuate.metrics.MetricsExportContextCustomizerFactory$DisableMetricExportContextCustomizer@bf1ec20, org.springframework.boot.test.autoconfigure.properties.PropertyMappingContextCustomizer@0, org.springframework.boot.test.autoconfigure.web.servlet.WebDriverContextCustomizerFactory$Customizer@784b990c, org.springframework.boot.test.context.filter.ExcludeFilterContextCustomizer@1951b871, org.springframework.boot.test.json.DuplicateJsonObjectContextCustomizerFactory$DuplicateJsonObjectContextCustomizer@43aaf813, org.springframework.boot.test.mock.mockito.MockitoContextCustomizer@0, org.springframework.boot.test.web.client.TestRestTemplateContextCustomizer@6bea52d4, org.springframework.boot.test.context.SpringBootTestArgs@1, org.springframework.boot.test.context.SpringBootTestWebEnvironment@50029372], resourceBasePath = 'src/main/webapp', contextLoader = 'org.springframework.boot.test.context.SpringBootContextLoader', parent = [null]], attributes = map['org.springframework.test.context.web.ServletTestExecutionListener.activateListener' -> false]], class annotated with @DirtiesContext [false] with mode [null].
17:11:15.336 [Test worker] DEBUG org.springframework.test.context.support.DependencyInjectionTestExecutionListener - Performing dependency injection for test context [[DefaultTestContext@581d969c testClass = IndexControllerTest, testInstance = systems.medici.board.web.IndexControllerTest@3704122f, testMethod = [null], testException = [null], mergedContextConfiguration = [WebMergedContextConfiguration@22db8f4 testClass = IndexControllerTest, locations = '{}', classes = '{class systems.medici.board.Application}', contextInitializerClasses = '[]', activeProfiles = '{}', propertySourceLocations = '{}', propertySourceProperties = '{org.springframework.boot.test.context.SpringBootTestContextBootstrapper=true, server.port=0}', contextCustomizers = set[org.springframework.boot.test.autoconfigure.actuate.metrics.MetricsExportContextCustomizerFactory$DisableMetricExportContextCustomizer@bf1ec20, org.springframework.boot.test.autoconfigure.properties.PropertyMappingContextCustomizer@0, org.springframework.boot.test.autoconfigure.web.servlet.WebDriverContextCustomizerFactory$Customizer@784b990c, org.springframework.boot.test.context.filter.ExcludeFilterContextCustomizer@1951b871, org.springframework.boot.test.json.DuplicateJsonObjectContextCustomizerFactory$DuplicateJsonObjectContextCustomizer@43aaf813, org.springframework.boot.test.mock.mockito.MockitoContextCustomizer@0, org.springframework.boot.test.web.client.TestRestTemplateContextCustomizer@6bea52d4, org.springframework.boot.test.context.SpringBootTestArgs@1, org.springframework.boot.test.context.SpringBootTestWebEnvironment@50029372], resourceBasePath = 'src/main/webapp', contextLoader = 'org.springframework.boot.test.context.SpringBootContextLoader', parent = [null]], attributes = map['org.springframework.test.context.web.ServletTestExecutionListener.activateListener' -> false]]].
17:11:15.381 [Test worker] DEBUG org.springframework.test.context.support.TestPropertySourceUtils - Adding inlined properties to environment: {spring.jmx.enabled=false, org.springframework.boot.test.context.SpringBootTestContextBootstrapper=true, server.port=0}

  .   ____          _            __ _ _
 /\\ / ___'_ __ _ _(_)_ __  __ _ \ \ \ \
( ( )\___ | '_ | '_| | '_ \/ _` | \ \ \ \
 \\/  ___)| |_)| | | | | || (_| |  ) ) ) )
  '  |____| .__|_| |_|_| |_\__, | / / / /
 =========|_|==============|___/=/_/_/_/
 :: Spring Boot ::                (v2.4.1)

2022-05-09 17:11:15.982  INFO 20651 --- [    Test worker] s.medici.board.web.IndexControllerTest   : Starting IndexControllerTest using Java 11.0.11 on jucheolhyeons-MacBook-Pro.local with PID 20651 (started by jooch in /Users/jooch/IdeaProjects/board)
2022-05-09 17:11:15.986  INFO 20651 --- [    Test worker] s.medici.board.web.IndexControllerTest   : No active profile set, falling back to default profiles: default
2022-05-09 17:11:16.822  INFO 20651 --- [    Test worker] .s.d.r.c.RepositoryConfigurationDelegate : Bootstrapping Spring Data JPA repositories in DEFAULT mode.
2022-05-09 17:11:16.889  INFO 20651 --- [    Test worker] .s.d.r.c.RepositoryConfigurationDelegate : Finished Spring Data repository scanning in 54 ms. Found 1 JPA repository interfaces.
2022-05-09 17:11:17.721  INFO 20651 --- [    Test worker] o.s.b.w.embedded.tomcat.TomcatWebServer  : Tomcat initialized with port(s): 0 (http)
2022-05-09 17:11:17.736  INFO 20651 --- [    Test worker] o.apache.catalina.core.StandardService   : Starting service [Tomcat]
2022-05-09 17:11:17.737  INFO 20651 --- [    Test worker] org.apache.catalina.core.StandardEngine  : Starting Servlet engine: [Apache Tomcat/9.0.41]
2022-05-09 17:11:17.867  INFO 20651 --- [    Test worker] o.a.c.c.C.[Tomcat].[localhost].[/]       : Initializing Spring embedded WebApplicationContext
2022-05-09 17:11:17.868  INFO 20651 --- [    Test worker] w.s.c.ServletWebServerApplicationContext : Root WebApplicationContext: initialization completed in 1849 ms
2022-05-09 17:11:18.179  INFO 20651 --- [    Test worker] com.zaxxer.hikari.HikariDataSource       : HikariPool-1 - Starting...
2022-05-09 17:11:18.385  INFO 20651 --- [    Test worker] com.zaxxer.hikari.HikariDataSource       : HikariPool-1 - Start completed.
2022-05-09 17:11:18.482  INFO 20651 --- [    Test worker] o.hibernate.jpa.internal.util.LogHelper  : HHH000204: Processing PersistenceUnitInfo [name: default]
2022-05-09 17:11:18.547  INFO 20651 --- [    Test worker] org.hibernate.Version                    : HHH000412: Hibernate ORM core version 5.4.25.Final
2022-05-09 17:11:18.726  INFO 20651 --- [    Test worker] o.hibernate.annotations.common.Version   : HCANN000001: Hibernate Commons Annotations {5.1.2.Final}
2022-05-09 17:11:18.870  INFO 20651 --- [    Test worker] org.hibernate.dialect.Dialect            : HHH000400: Using dialect: org.hibernate.dialect.MySQL57Dialect
Hibernate: drop table if exists posts
Hibernate: create table posts (id bigint not null auto_increment, created_date datetime(6), modified_date datetime(6), author varchar(255), content TEXT not null, title varchar(500) not null, primary key (id)) engine=InnoDB
2022-05-09 17:11:19.599  INFO 20651 --- [    Test worker] o.h.e.t.j.p.i.JtaPlatformInitiator       : HHH000490: Using JtaPlatform implementation: [org.hibernate.engine.transaction.jta.platform.internal.NoJtaPlatform]
2022-05-09 17:11:19.608  INFO 20651 --- [    Test worker] j.LocalContainerEntityManagerFactoryBean : Initialized JPA EntityManagerFactory for persistence unit 'default'
2022-05-09 17:11:20.101  WARN 20651 --- [    Test worker] JpaBaseConfiguration$JpaWebConfiguration : spring.jpa.open-in-view is enabled by default. Therefore, database queries may be performed during view rendering. Explicitly configure spring.jpa.open-in-view to disable this warning
2022-05-09 17:11:20.360  INFO 20651 --- [    Test worker] o.s.s.concurrent.ThreadPoolTaskExecutor  : Initializing ExecutorService 'applicationTaskExecutor'
2022-05-09 17:11:20.486  INFO 20651 --- [    Test worker] o.s.b.a.w.s.WelcomePageHandlerMapping    : Adding welcome page template: index
2022-05-09 17:11:20.828  INFO 20651 --- [    Test worker] o.s.b.w.embedded.tomcat.TomcatWebServer  : Tomcat started on port(s): 61760 (http) with context path ''
2022-05-09 17:11:20.841  INFO 20651 --- [    Test worker] s.medici.board.web.IndexControllerTest   : Started IndexControllerTest in 5.455 seconds (JVM running for 6.77)
2022-05-09 17:11:21.141  INFO 20651 --- [o-auto-1-exec-1] o.a.c.c.C.[Tomcat].[localhost].[/]       : Initializing Spring DispatcherServlet 'dispatcherServlet'
2022-05-09 17:11:21.142  INFO 20651 --- [o-auto-1-exec-1] o.s.web.servlet.DispatcherServlet        : Initializing Servlet 'dispatcherServlet'
2022-05-09 17:11:21.144  INFO 20651 --- [o-auto-1-exec-1] o.s.web.servlet.DispatcherServlet        : Completed initialization in 2 ms
]]></system-out>
  <system-err><![CDATA[]]></system-err>
</testsuite>
